\BOOKMARK [1][-]{section.1}{Introduction}{}% 1
\BOOKMARK [1][-]{section.2}{Data model requirements}{}% 2
\BOOKMARK [2][-]{subsection.2.1}{O2 data flow}{section.2}% 3
\BOOKMARK [3][-]{subsubsection.2.1.1}{First level processors}{subsection.2.1}% 4
\BOOKMARK [3][-]{subsubsection.2.1.2}{Event processing nodes}{subsection.2.1}% 5
\BOOKMARK [3][-]{subsubsection.2.1.3}{Quality control \(QC\)}{subsection.2.1}% 6
\BOOKMARK [3][-]{subsubsection.2.1.4}{Asynchronous processing on the O2 farm}{subsection.2.1}% 7
\BOOKMARK [3][-]{subsubsection.2.1.5}{Analysis facilities}{subsection.2.1}% 8
\BOOKMARK [2][-]{subsection.2.2}{Requirement summary}{section.2}% 9
\BOOKMARK [2][-]{subsection.2.3}{Foreseen data types}{section.2}% 10
\BOOKMARK [1][-]{section.3}{Zero-copy approach}{}% 11
\BOOKMARK [1][-]{section.4}{Message queue based communication}{}% 12
\BOOKMARK [1][-]{section.5}{O2 message structure}{}% 13
\BOOKMARK [1][-]{section.6}{Metadata format}{}% 14
\BOOKMARK [2][-]{subsection.6.1}{DataHeader}{section.6}% 15
\BOOKMARK [2][-]{subsection.6.2}{Header memory layout}{section.6}% 16
\BOOKMARK [1][-]{section.7}{Data formats}{}% 17
\BOOKMARK [2][-]{subsection.7.1}{Data in memory}{section.7}% 18
\BOOKMARK [2][-]{subsection.7.2}{Raw data formats}{section.7}% 19
\BOOKMARK [2][-]{subsection.7.3}{Reconstructed data formats}{section.7}% 20
\BOOKMARK [2][-]{subsection.7.4}{Persistent storage of time frame data}{section.7}% 21
\BOOKMARK [2][-]{subsection.7.5}{Quality control formats}{section.7}% 22
\BOOKMARK [2][-]{subsection.7.6}{AOD format}{section.7}% 23
\BOOKMARK [1][-]{appendix.A}{Interfaces}{}% 24
\BOOKMARK [2][-]{subsection.A.1}{Metadata access interface}{appendix.A}% 25
\BOOKMARK [3][-]{subsubsection.A.1.1}{Examples}{subsection.A.1}% 26
\BOOKMARK [2][-]{subsection.A.2}{Message construction and navigation}{appendix.A}% 27
\BOOKMARK [2][-]{subsection.A.3}{Examples}{appendix.A}% 28
